C51 COMPILER V9.54   KEY                                                                   07/03/2023 10:22:40 PAGE 1   


C51 COMPILER V9.54, COMPILATION OF MODULE KEY
OBJECT MODULE PLACED IN .\Objects\key.obj
COMPILER INVOKED BY: E:\keil5\C51\BIN\C51.EXE key.c LARGE OPTIMIZE(8,SPEED) BROWSE DEBUG OBJECTEXTEND PRINT(.\Listings\k
                    -ey.lst) TABS(2) OBJECT(.\Objects\key.obj)

line level    source

   1          #include <REGX52.H>
   2          #include "Delay.h"
   3          
   4          unsigned char mkey()
   5          {   
   6   1        unsigned char KeyNumber=0;
   7   1        P3_0=1;
   8   1        P3_1=1;
   9   1        P3_2=1;
  10   1        P3_3=1;
  11   1       
  12   1        if(P3_0==0){Delay(20);while(P1_7==0);Delay(20);KeyNumber=1;}
  13   1        if(P3_1==0){Delay(20);while(P1_6==0);Delay(20);KeyNumber=2;}
  14   1        if(P3_2==0){Delay(20);while(P1_5==0);Delay(20);KeyNumber=3;}
  15   1        if(P3_3==0){Delay(20);while(P1_4==0);Delay(20);KeyNumber=4;}
  16   1          
  17   1        return KeyNumber;
  18   1      }
  19          
  20            


MODULE INFORMATION:   STATIC OVERLAYABLE
   CODE SIZE        =    122    ----
   CONSTANT SIZE    =   ----    ----
   XDATA SIZE       =   ----       1
   PDATA SIZE       =   ----    ----
   DATA SIZE        =   ----    ----
   IDATA SIZE       =   ----    ----
   BIT SIZE         =   ----    ----
END OF MODULE INFORMATION.


C51 COMPILATION COMPLETE.  0 WARNING(S),  0 ERROR(S)
