C51 COMPILER V9.54   USART                                                                 07/03/2023 11:42:37 PAGE 1   


C51 COMPILER V9.54, COMPILATION OF MODULE USART
OBJECT MODULE PLACED IN .\Objects\Usart.obj
COMPILER INVOKED BY: E:\keil5\C51\BIN\C51.EXE Usart.c LARGE OPTIMIZE(8,SPEED) BROWSE DEBUG OBJECTEXTEND PRINT(.\Listings
                    -\Usart.lst) TABS(2) OBJECT(.\Objects\Usart.obj)

line level    source

   1          #include <REGX52.H>
   2          
   3          void UsartInit(void)    //9600bps@11.0592MHz
   4          {
   5   1          SCON=0x50;
   6   1          PCON |= 0x80;
   7   1          TMOD &= 0x0F;   //设置定时器模式
   8   1          TMOD |= 0x20;   //设置定时器模式
   9   1          TL1 = 0xE0;   //设定定时初值
  10   1          TH1 = 0xFE;   //设定定时初值
  11   1          ET1 = 0;    //禁止定时器1中断
  12   1          TR1 = 1;    //启动定时器1
  13   1          EA=1;
  14   1          ES=1;
  15   1      }
  16          
  17          void sendChar(unsigned char a)
  18          {
  19   1          SBUF = a;
  20   1          while(TI==0);
  21   1          TI=0;
  22   1      }
  23          
  24          
  25          /*发送一个字符串函数*/
  26          void sendString(unsigned char *s)
  27          {
  28   1          while(*s!='\0')
  29   1          {
  30   2              sendChar(*s);
  31   2              s++;
  32   2          }
  33   1      }


MODULE INFORMATION:   STATIC OVERLAYABLE
   CODE SIZE        =     54    ----
   CONSTANT SIZE    =   ----    ----
   XDATA SIZE       =   ----    ----
   PDATA SIZE       =   ----    ----
   DATA SIZE        =   ----    ----
   IDATA SIZE       =   ----    ----
   BIT SIZE         =   ----    ----
END OF MODULE INFORMATION.


C51 COMPILATION COMPLETE.  0 WARNING(S),  0 ERROR(S)
